<?xml version="1.0" encoding="UTF-8"?>
<!-- Generated by org.testng.reporters.JUnitReportReporter -->
<testsuite hostname="emacmini-35.estblr.com" name="com.appium.model.EndExecution" tests="1" failures="0" timestamp="5 Jan 2018 08:27:47 GMT" time="0.026" errors="0">
  <testcase name="endTime" time="0.026" classname="com.appium.model.EndExecution"/>
</testsuite> <!-- com.appium.model.EndExecution -->
