<?xml version="1.0" encoding="UTF-8"?>
<!-- Generated by org.testng.reporters.JUnitReportReporter -->
<testsuite hostname="emacmini-35.estblr.com" name="com.redbox.testscripts.TitleValueReels" tests="1" failures="0" timestamp="5 Jan 2018 08:27:48 GMT" time="2527.119" errors="0">
  <testcase name="launchApplication" time="2527.119" classname="com.redbox.testscripts.TitleValueReels"/>
</testsuite> <!-- com.redbox.testscripts.TitleValueReels -->
