<?xml version="1.0" encoding="UTF-8"?>
<!-- Generated by org.testng.reporters.JUnitReportReporter -->
<testsuite hostname="emacmini-35.estblr.com" name="com.redbox.testscripts.NewReleaseScreenMovies" tests="1" failures="0" timestamp="5 Jan 2018 08:27:48 GMT" time="62.570" errors="0">
  <testcase name="launchApplication" time="62.570" classname="com.redbox.testscripts.NewReleaseScreenMovies"/>
</testsuite> <!-- com.redbox.testscripts.NewReleaseScreenMovies -->
