<?xml version="1.0" encoding="UTF-8"?>
<!-- Generated by org.testng.reporters.JUnitReportReporter -->
<testsuite hostname="elt-73.estblr.com" name="com.redbox.testscripts.MapLocation" tests="1" failures="0" timestamp="5 Jan 2018 13:11:59 GMT" time="16.987" errors="0">
  <testcase name="ManagelocationVerify" time="16.987" classname="com.redbox.testscripts.MapLocation"/>
</testsuite> <!-- com.redbox.testscripts.MapLocation -->
