<?xml version="1.0" encoding="UTF-8"?>
<!-- Generated by org.testng.reporters.JUnitReportReporter -->
<testsuite hostname="elt-73.estblr.com" name="com.redbox.testscripts.FabTrayKeyboadValidation" tests="1" failures="0" timestamp="10 Jan 2018 06:39:44 GMT" time="80.971" errors="0">
  <testcase name="ManagelocationVerify" time="80.971" classname="com.redbox.testscripts.FabTrayKeyboadValidation"/>
</testsuite> <!-- com.redbox.testscripts.FabTrayKeyboadValidation -->
