<?xml version="1.0" encoding="UTF-8"?>
<!-- Generated by org.testng.reporters.JUnitReportReporter -->
<testsuite hostname="elt-73.estblr.com" name="com.redbox.testscripts.ShowMapIconDefaultLocation" tests="1" failures="0" timestamp="16 Jan 2018 07:41:13 GMT" time="164.937" errors="0">
  <testcase name="ManagelocationVerify" time="164.937" classname="com.redbox.testscripts.ShowMapIconDefaultLocation"/>
</testsuite> <!-- com.redbox.testscripts.ShowMapIconDefaultLocation -->
