<?xml version="1.0" encoding="UTF-8"?>
<!-- Generated by org.testng.reporters.JUnitReportReporter -->
<testsuite hostname="elt-73.estblr.com" name="com.redbox.testscripts.LocationMapDimmed" tests="1" failures="0" timestamp="16 Jan 2018 12:28:50 GMT" time="129.852" errors="0">
  <testcase name="ManagelocationVerify" time="129.852" classname="com.redbox.testscripts.LocationMapDimmed"/>
</testsuite> <!-- com.redbox.testscripts.LocationMapDimmed -->
