<?xml version="1.0" encoding="UTF-8"?>
<!-- Generated by org.testng.reporters.JUnitReportReporter -->
<testsuite hostname="EMACBOOK-34" name="com.birdzi.test.FullFlow" tests="1" failures="0" timestamp="7 Mar 2017 12:17:54 GMT" time="285.354" errors="0">
  <testcase name="addingItems" time="285.354" classname="com.birdzi.test.FullFlow"/>
</testsuite> <!-- com.birdzi.test.FullFlow -->
