<?xml version="1.0" encoding="UTF-8"?>
<!-- Generated by org.testng.reporters.JUnitReportReporter -->
<testsuite hostname="emacmini-35.estblr.com" name="com.redbox.testscripts.NewReleaseScreenTv" tests="1" failures="0" timestamp="5 Jan 2018 08:27:47 GMT" time="8.834" errors="0">
  <testcase name="launchApplication" time="8.834" classname="com.redbox.testscripts.NewReleaseScreenTv"/>
</testsuite> <!-- com.redbox.testscripts.NewReleaseScreenTv -->
