<?xml version="1.0" encoding="UTF-8"?>
<!-- Generated by org.testng.reporters.JUnitReportReporter -->
<testsuite hostname="elt-73.estblr.com" name="com.redbox.testscripts.NewReleaseScreenGames" tests="1" failures="0" timestamp="8 Jan 2018 11:21:34 GMT" time="152.987" errors="0">
  <testcase name="launchApplication" time="152.987" classname="com.redbox.testscripts.NewReleaseScreenGames"/>
</testsuite> <!-- com.redbox.testscripts.NewReleaseScreenGames -->
