<?xml version="1.0" encoding="UTF-8"?>
<!-- Generated by org.testng.reporters.JUnitReportReporter -->
<testsuite hostname="elt-73.estblr.com" name="com.redbox.testscripts.NewRleaseMovie" tests="1" failures="0" timestamp="8 Jan 2018 05:53:58 GMT" time="53.212" errors="0">
  <testcase name="newReleaseMovie" time="53.212" classname="com.redbox.testscripts.NewRleaseMovie"/>
</testsuite> <!-- com.redbox.testscripts.NewRleaseMovie -->
