<?xml version="1.0" encoding="UTF-8"?>
<!-- Generated by org.testng.reporters.JUnitReportReporter -->
<testsuite hostname="emacmini-35.estblr.com" name="com.redbox.testscripts.NewScreen" tests="1" failures="0" timestamp="5 Jan 2018 08:27:48 GMT" time="40.175" errors="0">
  <testcase name="launchApplication" time="40.175" classname="com.redbox.testscripts.NewScreen"/>
</testsuite> <!-- com.redbox.testscripts.NewScreen -->
