<?xml version="1.0" encoding="UTF-8"?>
<!-- Generated by org.testng.reporters.JUnitReportReporter -->
<testsuite hostname="elt-73.estblr.com" name="com.redbox.testscripts.NewReleasesScreenTv" tests="1" failures="0" timestamp="8 Jan 2018 12:12:33 GMT" time="14.588" errors="0">
  <testcase name="launchApplication" time="14.588" classname="com.redbox.testscripts.NewReleasesScreenTv"/>
</testsuite> <!-- com.redbox.testscripts.NewReleasesScreenTv -->
