<?xml version="1.0" encoding="UTF-8"?>
<!-- Generated by org.testng.reporters.JUnitReportReporter -->
<testsuite hostname="emacmini-35.estblr.com" name="com.appium.model.StartExecution" tests="1" failures="0" timestamp="5 Jan 2018 08:27:47 GMT" time="0.145" errors="0">
  <testcase name="startTime" time="0.145" classname="com.appium.model.StartExecution"/>
</testsuite> <!-- com.appium.model.StartExecution -->
